{"name": "login test automation version XPATH", "status": "failed", "statusDetails": {"message": "AssertionError: assert 'Arrgentina' == 'Argentina'\n  \n  - Argentina\n  + Arrgentina\n  ?  +", "trace": "firefox_browser = <selenium.webdriver.firefox.webdriver.WebDriver (session=\"00e7e459-d951-4be3-8ebe-d25b6b346515\")>\n\n    @pytest.mark.e2e\n    @pytest.mark.firefox\n    @allure.title('login test automation version XPATH')\n    # este no se puede ejecutar porque el link es variable diariamente\n    def test_login_functional(firefox_browser):\n        firefox_browser.get(url_din)\n        #time.sleep(2)\n        firefox_browser.implicitly_wait(2) # obligatorio sino falla porque la espera por default es muy corta\n    \n        firefox_browser.find_element(\n                By.XPATH, '//*[@id=\"root\"]/div/main/div/div/section[1]/div/footer/button'\n            ).click()\n        #time.sleep(2)\n        firefox_browser.find_element(\n                By.XPATH, '//*[@id=\"navbarText\"]/ul/li[4]/a'\n            ).click()\n        firefox_browser.find_element(By.ID, 'email').send_keys('ezsaatas.bnfasc@gmail.com')\n        firefox_browser.find_element(By.ID, 'password').send_keys('camilo123')\n    \n        firefox_browser.find_element(By.ID, 'access').click()\n        time.sleep(2) # obligatorio sino falla porque la espera por default es muy corta\n        #firefox_browser.implicitly_wait(4) no funciona se puede probar con una espera explicita\n        firefox_browser.find_element(\n                By.XPATH, '//*[@id=\"navbarText\"]/ul/li[2]/a'\n            ).click()\n        #time.sleep(2)\n        firefox_browser.execute_script('window.scrollTo(0, 400)')\n        typeActiv = firefox_browser.find_element(\n                By.NAME, 'phone'\n            )\n        allure_attach(firefox_browser.get_screenshot_as_png(),'test10.png')\n        #allure.dynamic.title('phone value')\n        assert  typeActiv.get_property('value') == '91145789233'\n        #time.sleep(2)\n        typeActiv = firefox_browser.find_element(\n                By.NAME, 'country'\n            )\n        #allure.dynamic.title('country value')\n>       assert  typeActiv.get_property('value') == 'Argentina'\nE       AssertionError: assert 'Arrgentina' == 'Argentina'\nE         \nE         - Argentina\nE         + Arrgentina\nE         ?  +\n\ntest_all.py:202: AssertionError"}, "attachments": [{"name": "test10.png", "source": "65beaf40-e339-48b0-9096-7de230691109-attachment.png", "type": "image/png"}], "start": 1727534088345, "stop": 1727534093035, "uuid": "d066f3ba-6f8a-480b-a6fd-025ffa4b1f80", "historyId": "010f9ce8ac02f13cdc2cd99e55eb3b68", "testCaseId": "010f9ce8ac02f13cdc2cd99e55eb3b68", "fullName": "test_all#test_login_functional", "labels": [{"name": "tag", "value": "firefox"}, {"name": "tag", "value": "e2e"}, {"name": "suite", "value": "test_all"}, {"name": "host", "value": "clases"}, {"name": "thread", "value": "23132-MainThread"}, {"name": "framework", "value": "pytest"}, {"name": "language", "value": "cpython3"}, {"name": "package", "value": "test_all"}]}